2023-04-12 21:11:50 删除了/root/shell/www/for6.sh这个文件
2023-04-12 21:11:50 删除了/root/shell/www/2x.sh这个文件
2023-04-12 21:11:50 删除了/root/shell/www/cmd.sh这个文件
2023-04-12 21:11:50 删除了/root/shell/www/2-3.sh这个文件
2023-04-12 21:11:50 删除了/root/shell/www/apt.conf这个文件
2023-04-12 21:11:50 删除了/root/shell/www/user.sh这个文件
2023-04-12 21:11:50 删除了/root/shell/www/pawss.txt这个文件
2023-04-12 21:11:50 删除了/root/shell/www/username.txt这个文件
2023-04-12 21:11:50 删除了/root/shell/www/2-1.sh这个文件
2023-04-12 21:11:50 删除了/root/shell/www/2ipaddressv2.sh这个文件
2023-04-12 21:11:50 删除了/root/shell/www/for7.sh这个文件
2023-04-12 21:11:50 删除了/root/shell/www/2ipaddress.sh这个文件
2023-04-12 21:11:50 删除了/root/shell/www/for1.sh这个文件
2023-04-12 21:11:50 删除了/root/shell/www/for2.sh这个文件
2023-04-12 21:11:50 删除了/root/shell/www/1.sh这个文件
2023-04-12 21:11:50 删除了/root/shell/www/for3.sh这个文件
2023-04-12 21:11:50 删除了/root/shell/www/nohup.out这个文件
2023-04-12 21:11:50 删除了/root/shell/www/for5.sh这个文件
2023-04-12 21:11:50 删除了/root/shell/www/for8.sh这个文件
2023-04-12 21:11:50 删除了/root/shell/www/rm.log这个文件
2023-04-12 21:11:50 删除了/root/shell/www/for4.sh这个文件
2023-04-12 21:13:00 删除了 /root/shell/www/for6.sh 这个文件
2023-04-12 21:13:00 删除了 /root/shell/www/2x.sh 这个文件
2023-04-12 21:13:00 删除了 /root/shell/www/cmd.sh 这个文件
2023-04-12 21:13:00 删除了 /root/shell/www/2-3.sh 这个文件
2023-04-12 21:13:00 删除了 /root/shell/www/apt.conf 这个文件
2023-04-12 21:13:00 删除了 /root/shell/www/user.sh 这个文件
2023-04-12 21:13:00 删除了 /root/shell/www/pawss.txt 这个文件
2023-04-12 21:13:00 删除了 /root/shell/www/username.txt 这个文件
2023-04-12 21:13:00 删除了 /root/shell/www/2-1.sh 这个文件
2023-04-12 21:13:00 删除了 /root/shell/www/2ipaddressv2.sh 这个文件
2023-04-12 21:13:00 删除了 /root/shell/www/for7.sh 这个文件
2023-04-12 21:13:00 删除了 /root/shell/www/2ipaddress.sh 这个文件
2023-04-12 21:13:00 删除了 /root/shell/www/for1.sh 这个文件
2023-04-12 21:13:00 删除了 /root/shell/www/for2.sh 这个文件
2023-04-12 21:13:00 删除了 /root/shell/www/1.sh 这个文件
2023-04-12 21:13:00 删除了 /root/shell/www/for3.sh 这个文件
2023-04-12 21:13:00 删除了 /root/shell/www/nohup.out 这个文件
2023-04-12 21:13:00 删除了 /root/shell/www/for5.sh 这个文件
2023-04-12 21:13:00 删除了 /root/shell/www/for8.sh 这个文件
2023-04-12 21:13:00 删除了 /root/shell/www/rm.log 这个文件
2023-04-12 21:13:00 删除了 /root/shell/www/for4.sh 这个文件
